{
  "contracts/Verify.sol": {
    "l": {
      "9": 11,
      "10": 11,
      "18": 11,
      "19": 11,
      "20": 11,
      "21": 11,
      "22": 11,
      "29": 12,
      "33": 11,
      "34": 11,
      "35": 11,
      "36": 11,
      "44": 11
    },
    "path": "/Users/dennison/Documents/ETHBERLIN/contracts/Verify.sol",
    "s": {
      "1": 11,
      "2": 11,
      "3": 11,
      "4": 11,
      "5": 11,
      "6": 11,
      "7": 11,
      "8": 12,
      "9": 11,
      "10": 11,
      "11": 11,
      "12": 11
    },
    "b": {"1": [11, 1]},
    "f": {"1": 11, "2": 11, "3": 12},
    "fnMap": {
      "1": {
        "name": "isValidData",
        "line": 4,
        "loc": {
          "start": {"line": 4, "column": 4},
          "end": {"line": 8, "column": 34}
        }
      },
      "2": {
        "name": "recoverSigner",
        "line": 13,
        "loc": {
          "start": {"line": 13, "column": 4},
          "end": {"line": 17, "column": 5}
        }
      },
      "3": {
        "name": "splitSignature",
        "line": 24,
        "loc": {
          "start": {"line": 24, "column": 4},
          "end": {"line": 28, "column": 5}
        }
      }
    },
    "statementMap": {
      "1": {
        "start": {"line": 9, "column": 8},
        "end": {"line": 9, "column": 60}
      },
      "2": {
        "start": {"line": 10, "column": 8},
        "end": {"line": 10, "column": 64}
      },
      "3": {
        "start": {"line": 18, "column": 8},
        "end": {"line": 18, "column": 15}
      },
      "4": {
        "start": {"line": 19, "column": 8},
        "end": {"line": 19, "column": 17}
      },
      "5": {
        "start": {"line": 20, "column": 8},
        "end": {"line": 20, "column": 17}
      },
      "6": {
        "start": {"line": 21, "column": 8},
        "end": {"line": 21, "column": 38}
      },
      "7": {
        "start": {"line": 22, "column": 8},
        "end": {"line": 22, "column": 42}
      },
      "8": {
        "start": {"line": 29, "column": 8},
        "end": {"line": 29, "column": 734}
      },
      "9": {
        "start": {"line": 33, "column": 8},
        "end": {"line": 33, "column": 17}
      },
      "10": {
        "start": {"line": 34, "column": 8},
        "end": {"line": 34, "column": 17}
      },
      "11": {
        "start": {"line": 35, "column": 8},
        "end": {"line": 35, "column": 15}
      },
      "12": {
        "start": {"line": 44, "column": 8},
        "end": {"line": 44, "column": 24}
      }
    },
    "branchMap": {
      "1": {
        "line": 29,
        "type": "if",
        "locations": [
          {
            "start": {"line": 29, "column": 8},
            "end": {"line": 29, "column": 8}
          },
          {"start": {"line": 29, "column": 8}, "end": {"line": 29, "column": 8}}
        ]
      }
    }
  },
  "contracts/WordDao.sol": {
    "l": {
      "56": 28,
      "57": 26,
      "107": 13,
      "117": 17,
      "129": 1,
      "130": 1,
      "134": 1,
      "143": 13,
      "144": 13,
      "148": 11,
      "152": 7,
      "157": 5,
      "158": 5,
      "159": 5,
      "160": 5,
      "173": 1,
      "174": 1,
      "183": 1,
      "184": 1,
      "189": 5,
      "198": 5,
      "199": 3,
      "203": 1,
      "204": 1,
      "213": 32,
      "224": 17,
      "225": 17,
      "228": 17,
      "234": 17,
      "237": 17,
      "241": 17,
      "243": 17,
      "246": 17,
      "247": 17,
      "248": 17,
      "249": 17,
      "253": 17,
      "255": 17
    },
    "path": "/Users/dennison/Documents/ETHBERLIN/contracts/WordDao.sol",
    "s": {
      "1": 28,
      "2": 13,
      "3": 17,
      "4": 1,
      "5": 1,
      "6": 1,
      "7": 13,
      "8": 13,
      "9": 11,
      "10": 7,
      "11": 5,
      "12": 5,
      "13": 5,
      "14": 5,
      "15": 1,
      "16": 1,
      "17": 1,
      "18": 1,
      "19": 5,
      "20": 5,
      "21": 3,
      "22": 1,
      "23": 1,
      "24": 32,
      "25": 17,
      "26": 17,
      "27": 17,
      "28": 17,
      "29": 17,
      "30": 17,
      "31": 17,
      "32": 17,
      "33": 17,
      "34": 17,
      "35": 17,
      "36": 17,
      "37": 17
    },
    "b": {
      "1": [26, 2],
      "2": [11, 2],
      "3": [7, 4],
      "4": [5, 2],
      "5": [3, 2],
      "6": [1, 2]
    },
    "f": {
      "1": 28,
      "2": 13,
      "3": 17,
      "4": 1,
      "5": 1,
      "6": 13,
      "7": 1,
      "8": 1,
      "9": 5,
      "10": 5,
      "11": 32,
      "12": 17
    },
    "fnMap": {
      "1": {
        "name": "onlyMaster",
        "line": 55,
        "loc": {
          "start": {"line": 55, "column": 4},
          "end": {"line": 55, "column": 21}
        }
      },
      "2": {
        "name": "setupDao",
        "line": 105,
        "loc": {
          "start": {"line": 105, "column": 4},
          "end": {"line": 105, "column": 40}
        }
      },
      "3": {
        "name": "addWordStorage",
        "line": 110,
        "loc": {
          "start": {"line": 110, "column": 4},
          "end": {"line": 116, "column": 25}
        }
      },
      "4": {
        "name": "setMaster",
        "line": 128,
        "loc": {
          "start": {"line": 128, "column": 4},
          "end": {"line": 128, "column": 52}
        }
      },
      "5": {
        "name": "setOwnerToDao",
        "line": 133,
        "loc": {
          "start": {"line": 133, "column": 4},
          "end": {"line": 133, "column": 44}
        }
      },
      "6": {
        "name": "addWord",
        "line": 138,
        "loc": {
          "start": {"line": 138, "column": 4},
          "end": {"line": 142, "column": 22}
        }
      },
      "7": {
        "name": "setUseFee",
        "line": 169,
        "loc": {
          "start": {"line": 169, "column": 4},
          "end": {"line": 172, "column": 5}
        }
      },
      "8": {
        "name": "setTributeFee",
        "line": 178,
        "loc": {
          "start": {"line": 178, "column": 4},
          "end": {"line": 181, "column": 5}
        }
      },
      "9": {
        "name": "getWordDaoBalance",
        "line": 188,
        "loc": {
          "start": {"line": 188, "column": 4},
          "end": {"line": 188, "column": 60}
        }
      },
      "10": {
        "name": "withDraw",
        "line": 194,
        "loc": {
          "start": {"line": 194, "column": 4},
          "end": {"line": 197, "column": 5}
        }
      },
      "11": {
        "name": "getStoragePointer",
        "line": 208,
        "loc": {
          "start": {"line": 208, "column": 4},
          "end": {"line": 212, "column": 5}
        }
      },
      "12": {
        "name": "_createStorage",
        "line": 216,
        "loc": {
          "start": {"line": 216, "column": 4},
          "end": {"line": 222, "column": 16}
        }
      }
    },
    "statementMap": {
      "1": {
        "start": {"line": 56, "column": 8},
        "end": {"line": 56, "column": 76}
      },
      "2": {
        "start": {"line": 107, "column": 8},
        "end": {"line": 107, "column": 25}
      },
      "3": {
        "start": {"line": 117, "column": 8},
        "end": {"line": 117, "column": 3660}
      },
      "4": {
        "start": {"line": 129, "column": 8},
        "end": {"line": 129, "column": 27}
      },
      "5": {
        "start": {"line": 130, "column": 8},
        "end": {"line": 130, "column": 28}
      },
      "6": {
        "start": {"line": 134, "column": 8},
        "end": {"line": 134, "column": 28}
      },
      "7": {
        "start": {"line": 143, "column": 8},
        "end": {"line": 143, "column": 62}
      },
      "8": {
        "start": {"line": 144, "column": 8},
        "end": {"line": 144, "column": 4430}
      },
      "9": {
        "start": {"line": 148, "column": 8},
        "end": {"line": 148, "column": 4570}
      },
      "10": {
        "start": {"line": 152, "column": 8},
        "end": {"line": 152, "column": 4702}
      },
      "11": {
        "start": {"line": 157, "column": 8},
        "end": {"line": 157, "column": 51}
      },
      "12": {
        "start": {"line": 158, "column": 8},
        "end": {"line": 158, "column": 54}
      },
      "13": {
        "start": {"line": 159, "column": 8},
        "end": {"line": 159, "column": 35}
      },
      "14": {
        "start": {"line": 160, "column": 8},
        "end": {"line": 160, "column": 4970}
      },
      "15": {
        "start": {"line": 173, "column": 8},
        "end": {"line": 173, "column": 36}
      },
      "16": {
        "start": {"line": 174, "column": 8},
        "end": {"line": 174, "column": 65}
      },
      "17": {
        "start": {"line": 183, "column": 8},
        "end": {"line": 183, "column": 51}
      },
      "18": {
        "start": {"line": 184, "column": 8},
        "end": {"line": 184, "column": 40}
      },
      "19": {
        "start": {"line": 189, "column": 8},
        "end": {"line": 189, "column": 36}
      },
      "20": {
        "start": {"line": 198, "column": 8},
        "end": {"line": 198, "column": 63}
      },
      "21": {
        "start": {"line": 199, "column": 8},
        "end": {"line": 199, "column": 6164}
      },
      "22": {
        "start": {"line": 203, "column": 8},
        "end": {"line": 203, "column": 46}
      },
      "23": {
        "start": {"line": 204, "column": 8},
        "end": {"line": 204, "column": 51}
      },
      "24": {
        "start": {"line": 213, "column": 8},
        "end": {"line": 213, "column": 56}
      },
      "25": {
        "start": {"line": 224, "column": 8},
        "end": {"line": 224, "column": 62}
      },
      "26": {
        "start": {"line": 225, "column": 8},
        "end": {"line": 225, "column": 42}
      },
      "27": {
        "start": {"line": 228, "column": 8},
        "end": {"line": 228, "column": 7162}
      },
      "28": {
        "start": {"line": 234, "column": 8},
        "end": {"line": 234, "column": 42}
      },
      "29": {
        "start": {"line": 237, "column": 8},
        "end": {"line": 237, "column": 70}
      },
      "30": {
        "start": {"line": 241, "column": 8},
        "end": {"line": 241, "column": 51}
      },
      "31": {
        "start": {"line": 243, "column": 8},
        "end": {"line": 243, "column": 62}
      },
      "32": {
        "start": {"line": 246, "column": 8},
        "end": {"line": 246, "column": 41}
      },
      "33": {
        "start": {"line": 247, "column": 8},
        "end": {"line": 247, "column": 50}
      },
      "34": {
        "start": {"line": 248, "column": 8},
        "end": {"line": 248, "column": 51}
      },
      "35": {
        "start": {"line": 249, "column": 8},
        "end": {"line": 249, "column": 24}
      },
      "36": {
        "start": {"line": 253, "column": 8},
        "end": {"line": 253, "column": 54}
      },
      "37": {
        "start": {"line": 255, "column": 8},
        "end": {"line": 255, "column": 8189}
      }
    },
    "branchMap": {
      "1": {
        "line": 56,
        "type": "if",
        "locations": [
          {
            "start": {"line": 56, "column": 8},
            "end": {"line": 56, "column": 8}
          },
          {"start": {"line": 56, "column": 8}, "end": {"line": 56, "column": 8}}
        ]
      },
      "2": {
        "line": 144,
        "type": "if",
        "locations": [
          {
            "start": {"line": 144, "column": 8},
            "end": {"line": 144, "column": 8}
          },
          {
            "start": {"line": 144, "column": 8},
            "end": {"line": 144, "column": 8}
          }
        ]
      },
      "3": {
        "line": 148,
        "type": "if",
        "locations": [
          {
            "start": {"line": 148, "column": 8},
            "end": {"line": 148, "column": 8}
          },
          {
            "start": {"line": 148, "column": 8},
            "end": {"line": 148, "column": 8}
          }
        ]
      },
      "4": {
        "line": 152,
        "type": "if",
        "locations": [
          {
            "start": {"line": 152, "column": 8},
            "end": {"line": 152, "column": 8}
          },
          {
            "start": {"line": 152, "column": 8},
            "end": {"line": 152, "column": 8}
          }
        ]
      },
      "5": {
        "line": 198,
        "type": "if",
        "locations": [
          {
            "start": {"line": 198, "column": 8},
            "end": {"line": 198, "column": 8}
          },
          {
            "start": {"line": 198, "column": 8},
            "end": {"line": 198, "column": 8}
          }
        ]
      },
      "6": {
        "line": 199,
        "type": "if",
        "locations": [
          {
            "start": {"line": 199, "column": 8},
            "end": {"line": 199, "column": 8}
          },
          {
            "start": {"line": 199, "column": 8},
            "end": {"line": 199, "column": 8}
          }
        ]
      }
    }
  },
  "contracts/WordStorage.sol": {
    "l": {
      "17": 29,
      "18": 25,
      "24": 9,
      "25": 5,
      "26": 5,
      "78": 27,
      "79": 27,
      "80": 27,
      "81": 27,
      "82": 27,
      "96": 2,
      "97": 2,
      "101": 15,
      "102": 15,
      "103": 15,
      "104": 15,
      "105": 15,
      "106": 15,
      "107": 15,
      "108": 15,
      "109": 15,
      "110": 15,
      "111": 15,
      "112": 15,
      "113": 15,
      "115": 15,
      "129": 8,
      "143": 1,
      "144": 1,
      "153": 1,
      "154": 1,
      "164": 1,
      "165": 1,
      "175": 1,
      "176": 1,
      "186": 1,
      "187": 1,
      "197": 1,
      "198": 1
    },
    "path": "/Users/dennison/Documents/ETHBERLIN/contracts/WordStorage.sol",
    "s": {
      "1": 29,
      "2": 9,
      "3": 5,
      "4": 27,
      "5": 27,
      "6": 27,
      "7": 27,
      "8": 27,
      "9": 2,
      "10": 2,
      "11": 15,
      "12": 15,
      "13": 15,
      "14": 15,
      "15": 15,
      "16": 15,
      "17": 15,
      "18": 15,
      "19": 15,
      "20": 15,
      "21": 15,
      "22": 15,
      "23": 15,
      "24": 15,
      "25": 8,
      "26": 1,
      "27": 1,
      "28": 1,
      "29": 1,
      "30": 1,
      "31": 1,
      "32": 1,
      "33": 1,
      "34": 1,
      "35": 1,
      "36": 1,
      "37": 1
    },
    "b": {"1": [25, 4], "2": [5, 4]},
    "f": {
      "1": 29,
      "2": 9,
      "3": 27,
      "4": 2,
      "5": 15,
      "6": 8,
      "7": 1,
      "8": 1,
      "9": 1,
      "10": 1,
      "11": 1,
      "12": 1
    },
    "fnMap": {
      "1": {
        "name": "onlyWordDao",
        "line": 16,
        "loc": {
          "start": {"line": 16, "column": 4},
          "end": {"line": 16, "column": 22}
        }
      },
      "2": {
        "name": "requireFeePayment",
        "line": 23,
        "loc": {
          "start": {"line": 23, "column": 4},
          "end": {"line": 23, "column": 28}
        }
      },
      "3": {
        "name": "setupStorage",
        "line": 73,
        "loc": {
          "start": {"line": 73, "column": 4},
          "end": {"line": 77, "column": 26}
        }
      },
      "4": {
        "name": "changeFee",
        "line": 95,
        "loc": {
          "start": {"line": 95, "column": 4},
          "end": {"line": 95, "column": 55}
        }
      },
      "5": {
        "name": "setWord",
        "line": 100,
        "loc": {
          "start": {"line": 100, "column": 4},
          "end": {"line": 100, "column": 73}
        }
      },
      "6": {
        "name": "getWordStringToUint256forDao",
        "line": 123,
        "loc": {
          "start": {"line": 123, "column": 4},
          "end": {"line": 128, "column": 5}
        }
      },
      "7": {
        "name": "getWordStringToUint256",
        "line": 137,
        "loc": {
          "start": {"line": 137, "column": 4},
          "end": {"line": 142, "column": 5}
        }
      },
      "8": {
        "name": "getWordStringToBytes32",
        "line": 148,
        "loc": {
          "start": {"line": 148, "column": 4},
          "end": {"line": 152, "column": 5}
        }
      },
      "9": {
        "name": "getWordUint256ToString",
        "line": 158,
        "loc": {
          "start": {"line": 158, "column": 4},
          "end": {"line": 163, "column": 5}
        }
      },
      "10": {
        "name": "getWordUint256ToBytes32",
        "line": 169,
        "loc": {
          "start": {"line": 169, "column": 4},
          "end": {"line": 174, "column": 5}
        }
      },
      "11": {
        "name": "getWordBytes32ToString",
        "line": 180,
        "loc": {
          "start": {"line": 180, "column": 4},
          "end": {"line": 185, "column": 5}
        }
      },
      "12": {
        "name": "getWordBytes32ToUint256",
        "line": 191,
        "loc": {
          "start": {"line": 191, "column": 4},
          "end": {"line": 196, "column": 5}
        }
      }
    },
    "statementMap": {
      "1": {
        "start": {"line": 17, "column": 8},
        "end": {"line": 17, "column": 70}
      },
      "2": {
        "start": {"line": 24, "column": 8},
        "end": {"line": 24, "column": 52}
      },
      "3": {
        "start": {"line": 25, "column": 8},
        "end": {"line": 25, "column": 38}
      },
      "4": {
        "start": {"line": 78, "column": 8},
        "end": {"line": 78, "column": 27}
      },
      "5": {
        "start": {"line": 79, "column": 8},
        "end": {"line": 79, "column": 27}
      },
      "6": {
        "start": {"line": 80, "column": 8},
        "end": {"line": 80, "column": 17}
      },
      "7": {
        "start": {"line": 81, "column": 8},
        "end": {"line": 81, "column": 33}
      },
      "8": {
        "start": {"line": 82, "column": 8},
        "end": {"line": 82, "column": 2173}
      },
      "9": {
        "start": {"line": 96, "column": 8},
        "end": {"line": 96, "column": 17}
      },
      "10": {
        "start": {"line": 97, "column": 8},
        "end": {"line": 97, "column": 28}
      },
      "11": {
        "start": {"line": 101, "column": 8},
        "end": {"line": 101, "column": 65}
      },
      "12": {
        "start": {"line": 102, "column": 8},
        "end": {"line": 102, "column": 39}
      },
      "13": {
        "start": {"line": 103, "column": 8},
        "end": {"line": 103, "column": 40}
      },
      "14": {
        "start": {"line": 104, "column": 8},
        "end": {"line": 104, "column": 42}
      },
      "15": {
        "start": {"line": 105, "column": 8},
        "end": {"line": 105, "column": 43}
      },
      "16": {
        "start": {"line": 106, "column": 8},
        "end": {"line": 106, "column": 51}
      },
      "17": {
        "start": {"line": 107, "column": 8},
        "end": {"line": 107, "column": 55}
      },
      "18": {
        "start": {"line": 108, "column": 8},
        "end": {"line": 108, "column": 40}
      },
      "19": {
        "start": {"line": 109, "column": 8},
        "end": {"line": 109, "column": 31}
      },
      "20": {
        "start": {"line": 110, "column": 8},
        "end": {"line": 110, "column": 38}
      },
      "21": {
        "start": {"line": 111, "column": 8},
        "end": {"line": 111, "column": 34}
      },
      "22": {
        "start": {"line": 112, "column": 8},
        "end": {"line": 112, "column": 31}
      },
      "23": {
        "start": {"line": 113, "column": 8},
        "end": {"line": 113, "column": 67}
      },
      "24": {
        "start": {"line": 115, "column": 8},
        "end": {"line": 115, "column": 19}
      },
      "25": {
        "start": {"line": 129, "column": 8},
        "end": {"line": 129, "column": 35}
      },
      "26": {
        "start": {"line": 143, "column": 8},
        "end": {"line": 143, "column": 60}
      },
      "27": {
        "start": {"line": 144, "column": 8},
        "end": {"line": 144, "column": 35}
      },
      "28": {
        "start": {"line": 153, "column": 8},
        "end": {"line": 153, "column": 60}
      },
      "29": {
        "start": {"line": 154, "column": 8},
        "end": {"line": 154, "column": 36}
      },
      "30": {
        "start": {"line": 164, "column": 8},
        "end": {"line": 164, "column": 51}
      },
      "31": {
        "start": {"line": 165, "column": 8},
        "end": {"line": 165, "column": 40}
      },
      "32": {
        "start": {"line": 175, "column": 8},
        "end": {"line": 175, "column": 51}
      },
      "33": {
        "start": {"line": 176, "column": 8},
        "end": {"line": 176, "column": 45}
      },
      "34": {
        "start": {"line": 186, "column": 8},
        "end": {"line": 186, "column": 73}
      },
      "35": {
        "start": {"line": 187, "column": 8},
        "end": {"line": 187, "column": 40}
      },
      "36": {
        "start": {"line": 197, "column": 8},
        "end": {"line": 197, "column": 73}
      },
      "37": {
        "start": {"line": 198, "column": 8},
        "end": {"line": 198, "column": 48}
      }
    },
    "branchMap": {
      "1": {
        "line": 17,
        "type": "if",
        "locations": [
          {
            "start": {"line": 17, "column": 8},
            "end": {"line": 17, "column": 8}
          },
          {"start": {"line": 17, "column": 8}, "end": {"line": 17, "column": 8}}
        ]
      },
      "2": {
        "line": 24,
        "type": "if",
        "locations": [
          {
            "start": {"line": 24, "column": 8},
            "end": {"line": 24, "column": 8}
          },
          {"start": {"line": 24, "column": 8}, "end": {"line": 24, "column": 8}}
        ]
      }
    }
  },
  "contracts/WordToken.sol": {
    "l": {"12": 18},
    "path": "/Users/dennison/Documents/ETHBERLIN/contracts/WordToken.sol",
    "s": {"1": 18},
    "b": {},
    "f": {"1": 18},
    "fnMap": {
      "1": {
        "name": "constructor",
        "line": 7,
        "loc": {
          "start": {"line": 7, "column": 4},
          "end": {"line": 11, "column": 58}
        }
      }
    },
    "statementMap": {
      "1": {
        "start": {"line": 12, "column": 8},
        "end": {"line": 12, "column": 39}
      }
    },
    "branchMap": {}
  }
}
